<?xml version="1.0" encoding="utf-8"?>
<CoverageSession xmlns:xsd="http://www.w3.org/2001/XMLSchema" xmlns:xsi="http://www.w3.org/2001/XMLSchema-instance" Version="4.7.1221.0">
  <Summary numSequencePoints="42" visitedSequencePoints="42" numBranchPoints="15" visitedBranchPoints="15" sequenceCoverage="100" branchCoverage="100" maxCyclomaticComplexity="7" minCyclomaticComplexity="1" maxCrapScore="7" minCrapScore="1" visitedClasses="2" numClasses="2" visitedMethods="3" numMethods="3" />
  <Modules>
    <Module skippedDueTo="Filter" hash="0A-17-0E-50-6C-4C-C2-98-4C-D5-50-64-FE-B4-F9-DE-FA-1C-DE-E8">
      <ModulePath>C:\Program Files\dotnet\shared\Microsoft.NETCore.App\3.1.21\System.Private.CoreLib.dll</ModulePath>
      <ModuleTime>2021-10-14T17:54:26Z</ModuleTime>
      <ModuleName>System.Private.CoreLib</ModuleName>
      <Classes />
    </Module>
    <Module hash="B2-83-1D-82-BF-00-FF-75-05-E0-75-67-0E-8B-3E-C4-E1-2E-3F-5D">
      <Summary numSequencePoints="42" visitedSequencePoints="42" numBranchPoints="15" visitedBranchPoints="15" sequenceCoverage="100" branchCoverage="100" maxCyclomaticComplexity="7" minCyclomaticComplexity="1" maxCrapScore="7" minCrapScore="1" visitedClasses="2" numClasses="2" visitedMethods="3" numMethods="3" />
      <ModulePath>D:\Avans\Deeltijd\Jaar2\Periode2\Kwaliteit_Testen\Projecten\DetermineShippingCosts\DetermineShippingCostsTest\bin\Debug\net5.0\DetermineShippingCosts.dll</ModulePath>
      <ModuleTime>2021-12-04T16:27:33.4594351Z</ModuleTime>
      <ModuleName>DetermineShippingCosts</ModuleName>
      <Files>
        <File uid="1" fullPath="D:\Avans\Deeltijd\Jaar2\Periode2\Kwaliteit_Testen\Projecten\DetermineShippingCosts\DetermineShippingCosts\Program.cs" />
        <File uid="2" fullPath="D:\Avans\Deeltijd\Jaar2\Periode2\Kwaliteit_Testen\Projecten\DetermineShippingCosts\DetermineShippingCosts\Shipping.cs" />
      </Files>
      <Classes>
        <Class>
          <Summary numSequencePoints="0" visitedSequencePoints="0" numBranchPoints="0" visitedBranchPoints="0" sequenceCoverage="0" branchCoverage="0" maxCyclomaticComplexity="0" minCyclomaticComplexity="0" maxCrapScore="0" minCrapScore="0" visitedClasses="0" numClasses="0" visitedMethods="0" numMethods="0" />
          <FullName>&lt;Module&gt;</FullName>
          <Methods />
        </Class>
        <Class>
          <Summary numSequencePoints="15" visitedSequencePoints="15" numBranchPoints="2" visitedBranchPoints="2" sequenceCoverage="100" branchCoverage="100" maxCyclomaticComplexity="1" minCyclomaticComplexity="1" maxCrapScore="2" minCrapScore="1" visitedClasses="1" numClasses="1" visitedMethods="2" numMethods="2" />
          <FullName>DetermineShippingCosts.Program</FullName>
          <Methods>
            <Method visited="true" cyclomaticComplexity="1" nPathComplexity="0" sequenceCoverage="100" branchCoverage="100" crapScore="1" isConstructor="false" isStatic="true" isGetter="false" isSetter="false">
              <Summary numSequencePoints="10" visitedSequencePoints="10" numBranchPoints="1" visitedBranchPoints="1" sequenceCoverage="100" branchCoverage="100" maxCyclomaticComplexity="1" minCyclomaticComplexity="1" maxCrapScore="1" minCrapScore="1" visitedClasses="0" numClasses="0" visitedMethods="1" numMethods="1" />
              <MetadataToken>100663297</MetadataToken>
              <Name>System.Void DetermineShippingCosts.Program::Main(System.String[])</Name>
              <FileRef uid="1" />
              <SequencePoints>
                <SequencePoint vc="1" uspid="1" ordinal="0" offset="0" sl="8" sc="9" el="8" ec="10" bec="0" bev="0" fileid="1" />
                <SequencePoint vc="1" uspid="2" ordinal="1" offset="1" sl="10" sc="13" el="10" ec="44" bec="0" bev="0" fileid="1" />
                <SequencePoint vc="1" uspid="3" ordinal="2" offset="7" sl="13" sc="13" el="13" ec="58" bec="0" bev="0" fileid="1" />
                <SequencePoint vc="1" uspid="4" ordinal="3" offset="38" sl="14" sc="13" el="14" ec="59" bec="0" bev="0" fileid="1" />
                <SequencePoint vc="1" uspid="5" ordinal="4" offset="69" sl="15" sc="13" el="15" ec="60" bec="0" bev="0" fileid="1" />
                <SequencePoint vc="1" uspid="6" ordinal="5" offset="100" sl="16" sc="13" el="16" ec="59" bec="0" bev="0" fileid="1" />
                <SequencePoint vc="1" uspid="7" ordinal="6" offset="131" sl="17" sc="13" el="17" ec="62" bec="0" bev="0" fileid="1" />
                <SequencePoint vc="1" uspid="8" ordinal="7" offset="162" sl="18" sc="13" el="18" ec="66" bec="0" bev="0" fileid="1" />
                <SequencePoint vc="1" uspid="9" ordinal="8" offset="193" sl="19" sc="13" el="19" ec="62" bec="0" bev="0" fileid="1" />
                <SequencePoint vc="1" uspid="10" ordinal="9" offset="224" sl="20" sc="9" el="20" ec="10" bec="0" bev="0" fileid="1" />
              </SequencePoints>
              <BranchPoints />
              <MethodPoint xsi:type="SequencePoint" vc="1" uspid="1" ordinal="0" offset="0" sl="8" sc="9" el="8" ec="10" bec="0" bev="0" fileid="1" />
            </Method>
            <Method visited="true" cyclomaticComplexity="1" nPathComplexity="0" sequenceCoverage="100" branchCoverage="100" crapScore="1" isConstructor="false" isStatic="true" isGetter="false" isSetter="false">
              <Summary numSequencePoints="5" visitedSequencePoints="5" numBranchPoints="1" visitedBranchPoints="1" sequenceCoverage="100" branchCoverage="100" maxCyclomaticComplexity="1" minCyclomaticComplexity="1" maxCrapScore="1" minCrapScore="1" visitedClasses="0" numClasses="0" visitedMethods="1" numMethods="1" />
              <MetadataToken>100663298</MetadataToken>
              <Name>System.Void DetermineShippingCosts.Program::CalculateCosts(System.Double,System.Double,System.String,System.Boolean,DetermineShippingCosts.Shipping)</Name>
              <FileRef uid="1" />
              <SequencePoints>
                <SequencePoint vc="7" uspid="11" ordinal="0" offset="0" sl="27" sc="9" el="27" ec="10" bec="0" bev="0" fileid="1" />
                <SequencePoint vc="7" uspid="12" ordinal="1" offset="1" sl="28" sc="13" el="28" ec="84" bec="0" bev="0" fileid="1" />
                <SequencePoint vc="7" uspid="13" ordinal="2" offset="13" sl="29" sc="13" el="29" ec="38" bec="0" bev="0" fileid="1" />
                <SequencePoint vc="7" uspid="14" ordinal="3" offset="18" sl="31" sc="13" el="31" ec="100" bec="0" bev="0" fileid="1" />
                <SequencePoint vc="7" uspid="15" ordinal="4" offset="47" sl="32" sc="9" el="32" ec="10" bec="0" bev="0" fileid="1" />
              </SequencePoints>
              <BranchPoints />
              <MethodPoint xsi:type="SequencePoint" vc="7" uspid="11" ordinal="0" offset="0" sl="27" sc="9" el="27" ec="10" bec="0" bev="0" fileid="1" />
            </Method>
            <Method visited="false" cyclomaticComplexity="1" nPathComplexity="0" sequenceCoverage="0" branchCoverage="0" crapScore="2" isConstructor="true" isStatic="false" isGetter="false" isSetter="false">
              <Summary numSequencePoints="0" visitedSequencePoints="0" numBranchPoints="0" visitedBranchPoints="0" sequenceCoverage="0" branchCoverage="0" maxCyclomaticComplexity="1" minCyclomaticComplexity="1" maxCrapScore="2" minCrapScore="2" visitedClasses="0" numClasses="0" visitedMethods="0" numMethods="0" />
              <MetadataToken>100663299</MetadataToken>
              <Name>System.Void DetermineShippingCosts.Program::.ctor()</Name>
              <SequencePoints />
              <BranchPoints />
              <MethodPoint vc="0" uspid="16" ordinal="0" offset="0" />
            </Method>
          </Methods>
        </Class>
        <Class>
          <Summary numSequencePoints="27" visitedSequencePoints="27" numBranchPoints="13" visitedBranchPoints="13" sequenceCoverage="100" branchCoverage="100" maxCyclomaticComplexity="7" minCyclomaticComplexity="1" maxCrapScore="7" minCrapScore="2" visitedClasses="1" numClasses="1" visitedMethods="1" numMethods="1" />
          <FullName>DetermineShippingCosts.Shipping</FullName>
          <Methods>
            <Method visited="true" cyclomaticComplexity="7" nPathComplexity="64" sequenceCoverage="100" branchCoverage="100" crapScore="7" isConstructor="false" isStatic="false" isGetter="false" isSetter="false">
              <Summary numSequencePoints="27" visitedSequencePoints="27" numBranchPoints="13" visitedBranchPoints="13" sequenceCoverage="100" branchCoverage="100" maxCyclomaticComplexity="7" minCyclomaticComplexity="7" maxCrapScore="7" minCrapScore="7" visitedClasses="0" numClasses="0" visitedMethods="1" numMethods="1" />
              <MetadataToken>100663300</MetadataToken>
              <Name>System.Double DetermineShippingCosts.Shipping::ShippingCosts(System.Boolean,System.String,System.Double)</Name>
              <FileRef uid="2" />
              <SequencePoints>
                <SequencePoint vc="7" uspid="17" ordinal="0" offset="0" sl="10" sc="9" el="10" ec="10" bec="0" bev="0" fileid="2" />
                <SequencePoint vc="7" uspid="18" ordinal="1" offset="1" sl="11" sc="13" el="11" ec="31" bec="0" bev="0" fileid="2" />
                <SequencePoint vc="7" uspid="19" ordinal="2" offset="11" sl="13" sc="13" el="13" ec="48" bec="2" bev="2" fileid="2" />
                <SequencePoint vc="6" uspid="20" ordinal="3" offset="19" sl="14" sc="13" el="14" ec="14" bec="0" bev="0" fileid="2" />
                <SequencePoint vc="6" uspid="21" ordinal="4" offset="20" sl="15" sc="17" el="15" ec="38" bec="2" bev="2" fileid="2" />
                <SequencePoint vc="1" uspid="22" ordinal="5" offset="36" sl="16" sc="17" el="16" ec="18" bec="0" bev="0" fileid="2" />
                <SequencePoint vc="1" uspid="23" ordinal="6" offset="37" sl="17" sc="21" el="17" ec="32" bec="0" bev="0" fileid="2" />
                <SequencePoint vc="1" uspid="24" ordinal="7" offset="47" sl="18" sc="17" el="18" ec="18" bec="0" bev="0" fileid="2" />
                <SequencePoint vc="5" uspid="25" ordinal="8" offset="50" sl="20" sc="17" el="20" ec="18" bec="0" bev="0" fileid="2" />
                <SequencePoint vc="5" uspid="26" ordinal="9" offset="51" sl="21" sc="21" el="21" ec="49" bec="8" bev="8" fileid="2" />
                <SequencePoint vc="1" uspid="27" ordinal="10" offset="111" sl="24" sc="29" el="24" ec="42" bec="0" bev="0" fileid="2" />
                <SequencePoint vc="1" uspid="28" ordinal="11" offset="121" sl="25" sc="29" el="25" ec="35" bec="0" bev="0" fileid="2" />
                <SequencePoint vc="1" uspid="29" ordinal="12" offset="123" sl="27" sc="29" el="27" ec="41" bec="0" bev="0" fileid="2" />
                <SequencePoint vc="1" uspid="30" ordinal="13" offset="133" sl="28" sc="29" el="28" ec="35" bec="0" bev="0" fileid="2" />
                <SequencePoint vc="1" uspid="31" ordinal="14" offset="135" sl="30" sc="29" el="30" ec="42" bec="0" bev="0" fileid="2" />
                <SequencePoint vc="1" uspid="32" ordinal="15" offset="145" sl="31" sc="29" el="31" ec="35" bec="0" bev="0" fileid="2" />
                <SequencePoint vc="1" uspid="33" ordinal="16" offset="147" sl="33" sc="29" el="33" ec="42" bec="0" bev="0" fileid="2" />
                <SequencePoint vc="1" uspid="34" ordinal="17" offset="157" sl="34" sc="29" el="34" ec="35" bec="0" bev="0" fileid="2" />
                <SequencePoint vc="1" uspid="35" ordinal="18" offset="159" sl="36" sc="29" el="36" ec="40" bec="0" bev="0" fileid="2" />
                <SequencePoint vc="1" uspid="36" ordinal="19" offset="169" sl="37" sc="29" el="37" ec="35" bec="0" bev="0" fileid="2" />
                <SequencePoint vc="5" uspid="37" ordinal="20" offset="171" sl="39" sc="17" el="39" ec="18" bec="0" bev="0" fileid="2" />
                <SequencePoint vc="6" uspid="38" ordinal="21" offset="172" sl="40" sc="13" el="40" ec="14" bec="0" bev="0" fileid="2" />
                <SequencePoint vc="1" uspid="39" ordinal="22" offset="175" sl="42" sc="13" el="42" ec="14" bec="0" bev="0" fileid="2" />
                <SequencePoint vc="1" uspid="40" ordinal="23" offset="176" sl="43" sc="17" el="43" ec="28" bec="0" bev="0" fileid="2" />
                <SequencePoint vc="1" uspid="41" ordinal="24" offset="186" sl="44" sc="13" el="44" ec="14" bec="0" bev="0" fileid="2" />
                <SequencePoint vc="7" uspid="42" ordinal="25" offset="187" sl="46" sc="13" el="46" ec="27" bec="0" bev="0" fileid="2" />
                <SequencePoint vc="7" uspid="43" ordinal="26" offset="192" sl="47" sc="9" el="47" ec="10" bec="0" bev="0" fileid="2" />
              </SequencePoints>
              <BranchPoints>
                <BranchPoint vc="6" uspid="44" ordinal="0" offset="14" sl="13" path="0" offsetend="19" fileid="2" />
                <BranchPoint vc="1" uspid="45" ordinal="1" offset="14" sl="13" path="1" offsetend="175" fileid="2" />
                <BranchPoint vc="1" uspid="46" ordinal="2" offset="34" sl="15" path="0" offsetend="36" fileid="2" />
                <BranchPoint vc="5" uspid="47" ordinal="3" offset="34" sl="15" path="1" offsetend="50" fileid="2" />
                <BranchPoint vc="4" uspid="48" ordinal="4" offset="68" sl="21" path="0" offsetend="70" fileid="2" />
                <BranchPoint vc="1" uspid="49" ordinal="5" offset="68" sl="21" path="1" offsetend="111" fileid="2" />
                <BranchPoint vc="3" uspid="50" ordinal="6" offset="81" sl="21" path="0" offsetend="83" fileid="2" />
                <BranchPoint vc="1" uspid="51" ordinal="7" offset="81" sl="21" path="1" offsetend="123" fileid="2" />
                <BranchPoint vc="2" uspid="52" ordinal="8" offset="94" sl="21" path="0" offsetend="96" fileid="2" />
                <BranchPoint vc="1" uspid="53" ordinal="9" offset="94" sl="21" path="1" offsetend="135" fileid="2" />
                <BranchPoint vc="1" uspid="54" ordinal="10" offset="107" sl="21" path="0" offsetchain="109" offsetend="159" fileid="2" />
                <BranchPoint vc="1" uspid="55" ordinal="11" offset="107" sl="21" path="1" offsetend="147" fileid="2" />
              </BranchPoints>
              <MethodPoint xsi:type="SequencePoint" vc="7" uspid="17" ordinal="0" offset="0" sl="10" sc="9" el="10" ec="10" bec="0" bev="0" fileid="2" />
            </Method>
            <Method visited="false" cyclomaticComplexity="1" nPathComplexity="0" sequenceCoverage="0" branchCoverage="0" crapScore="2" isConstructor="true" isStatic="false" isGetter="false" isSetter="false">
              <Summary numSequencePoints="0" visitedSequencePoints="0" numBranchPoints="0" visitedBranchPoints="0" sequenceCoverage="0" branchCoverage="0" maxCyclomaticComplexity="1" minCyclomaticComplexity="1" maxCrapScore="2" minCrapScore="2" visitedClasses="0" numClasses="0" visitedMethods="0" numMethods="0" />
              <MetadataToken>100663301</MetadataToken>
              <Name>System.Void DetermineShippingCosts.Shipping::.ctor()</Name>
              <SequencePoints />
              <BranchPoints />
              <MethodPoint vc="0" uspid="56" ordinal="0" offset="0" />
            </Method>
          </Methods>
        </Class>
      </Classes>
    </Module>
    <Module skippedDueTo="Filter" hash="2C-69-D3-DD-F0-8D-27-90-CF-06-91-6A-BF-BC-15-BA-EF-C2-39-E4">
      <ModulePath>C:\Program Files\dotnet\shared\Microsoft.NETCore.App\3.1.21\System.Runtime.dll</ModulePath>
      <ModuleTime>2021-10-22T19:06:48Z</ModuleTime>
      <ModuleName>System.Runtime</ModuleName>
      <Classes />
    </Module>
    <Module skippedDueTo="Filter" hash="62-49-AC-98-B2-44-95-71-88-4E-2A-5F-4A-83-FA-C8-D3-2C-EE-14">
      <ModulePath>C:\Program Files\dotnet\shared\Microsoft.NETCore.App\3.1.21\System.Console.dll</ModulePath>
      <ModuleTime>2021-10-22T19:06:50Z</ModuleTime>
      <ModuleName>System.Console</ModuleName>
      <Classes />
    </Module>
    <Module skippedDueTo="Filter" hash="D3-A0-1E-B1-7F-54-83-B0-A9-71-48-0B-24-FC-03-84-F1-0E-01-0A">
      <ModulePath>C:\Program Files\dotnet\shared\Microsoft.NETCore.App\3.1.21\System.Runtime.Extensions.dll</ModulePath>
      <ModuleTime>2021-10-22T19:06:48Z</ModuleTime>
      <ModuleName>System.Runtime.Extensions</ModuleName>
      <Classes />
    </Module>
    <Module skippedDueTo="Filter" hash="C2-26-F4-62-8D-6A-27-8F-54-A8-89-70-44-AD-2E-C0-0B-77-60-D0">
      <ModulePath>C:\Program Files\dotnet\shared\Microsoft.NETCore.App\3.1.21\System.Threading.dll</ModulePath>
      <ModuleTime>2021-10-22T19:06:54Z</ModuleTime>
      <ModuleName>System.Threading</ModuleName>
      <Classes />
    </Module>
    <Module skippedDueTo="Filter" hash="F6-6F-B7-5A-74-5D-82-D1-B2-2F-36-9A-42-B5-C6-12-8D-85-A6-FB">
      <ModulePath>C:\Program Files\dotnet\shared\Microsoft.NETCore.App\3.1.21\System.Text.Encoding.Extensions.dll</ModulePath>
      <ModuleTime>2021-10-22T19:06:54Z</ModuleTime>
      <ModuleName>System.Text.Encoding.Extensions</ModuleName>
      <Classes />
    </Module>
    <Module skippedDueTo="Filter" hash="21-DC-E8-95-65-DF-96-AD-E3-FA-19-97-CB-B4-FC-20-15-BB-A2-E7">
      <ModulePath>C:\Program Files\dotnet\shared\Microsoft.NETCore.App\3.1.21\System.Runtime.InteropServices.dll</ModulePath>
      <ModuleTime>2021-10-22T19:06:46Z</ModuleTime>
      <ModuleName>System.Runtime.InteropServices</ModuleName>
      <Classes />
    </Module>
  </Modules>
</CoverageSession>